2025/02/06 13:45:05 [error] [exception.CHttpException.403] CHttpException: You are not authorized to perform this action. in C:\yii-1.1.30\framework\web\auth\CAccessControlFilter.php:183
Stack trace:
#0 C:\yii-1.1.30\framework\web\auth\CAccessControlFilter.php(145): CAccessControlFilter->accessDenied(Object(CWebUser), 'You are not aut...')
#1 C:\yii-1.1.30\framework\web\filters\CFilter.php(38): CAccessControlFilter->preFilter(Object(CFilterChain))
#2 C:\yii-1.1.30\framework\web\CController.php(1148): CFilter->filter(Object(CFilterChain))
#3 C:\yii-1.1.30\framework\web\filters\CInlineFilter.php(58): CController->filterAccessControl(Object(CFilterChain))
#4 C:\yii-1.1.30\framework\web\filters\CFilterChain.php(131): CInlineFilter->filter(Object(CFilterChain))
#5 C:\yii-1.1.30\framework\web\CController.php(291): CFilterChain->run()
#6 C:\yii-1.1.30\framework\web\CController.php(265): CController->runActionWithFilters(Object(CInlineAction), Array)
#7 C:\yii-1.1.30\framework\web\CWebApplication.php(282): CController->run('alterarStatus')
#8 C:\yii-1.1.30\framework\web\CWebApplication.php(141): CWebApplication->runController('motorista/alter...')
#9 C:\yii-1.1.30\framework\base\CApplication.php(185): CWebApplication->processRequest()
#10 C:\projetos\Desafio_Gaudium\index.php(13): CApplication->run()
#11 {main}
REQUEST_URI=/index.php/motorista/alterarStatus/1
HTTP_REFERER=http://localhost:8000/index.php/motorista/admin
---
2025/02/06 13:45:11 [error] [exception.CHttpException.403] CHttpException: You are not authorized to perform this action. in C:\yii-1.1.30\framework\web\auth\CAccessControlFilter.php:183
Stack trace:
#0 C:\yii-1.1.30\framework\web\auth\CAccessControlFilter.php(145): CAccessControlFilter->accessDenied(Object(CWebUser), 'You are not aut...')
#1 C:\yii-1.1.30\framework\web\filters\CFilter.php(38): CAccessControlFilter->preFilter(Object(CFilterChain))
#2 C:\yii-1.1.30\framework\web\CController.php(1148): CFilter->filter(Object(CFilterChain))
#3 C:\yii-1.1.30\framework\web\filters\CInlineFilter.php(58): CController->filterAccessControl(Object(CFilterChain))
#4 C:\yii-1.1.30\framework\web\filters\CFilterChain.php(131): CInlineFilter->filter(Object(CFilterChain))
#5 C:\yii-1.1.30\framework\web\CController.php(291): CFilterChain->run()
#6 C:\yii-1.1.30\framework\web\CController.php(265): CController->runActionWithFilters(Object(CInlineAction), Array)
#7 C:\yii-1.1.30\framework\web\CWebApplication.php(282): CController->run('alterarStatus')
#8 C:\yii-1.1.30\framework\web\CWebApplication.php(141): CWebApplication->runController('motorista/alter...')
#9 C:\yii-1.1.30\framework\base\CApplication.php(185): CWebApplication->processRequest()
#10 C:\projetos\Desafio_Gaudium\index.php(13): CApplication->run()
#11 {main}
REQUEST_URI=/index.php/motorista/alterarStatus/2
HTTP_REFERER=http://localhost:8000/index.php/motorista/admin
---
2025/02/06 13:45:17 [error] [exception.CHttpException.403] CHttpException: You are not authorized to perform this action. in C:\yii-1.1.30\framework\web\auth\CAccessControlFilter.php:183
Stack trace:
#0 C:\yii-1.1.30\framework\web\auth\CAccessControlFilter.php(145): CAccessControlFilter->accessDenied(Object(CWebUser), 'You are not aut...')
#1 C:\yii-1.1.30\framework\web\filters\CFilter.php(38): CAccessControlFilter->preFilter(Object(CFilterChain))
#2 C:\yii-1.1.30\framework\web\CController.php(1148): CFilter->filter(Object(CFilterChain))
#3 C:\yii-1.1.30\framework\web\filters\CInlineFilter.php(58): CController->filterAccessControl(Object(CFilterChain))
#4 C:\yii-1.1.30\framework\web\filters\CFilterChain.php(131): CInlineFilter->filter(Object(CFilterChain))
#5 C:\yii-1.1.30\framework\web\CController.php(291): CFilterChain->run()
#6 C:\yii-1.1.30\framework\web\CController.php(265): CController->runActionWithFilters(Object(CInlineAction), Array)
#7 C:\yii-1.1.30\framework\web\CWebApplication.php(282): CController->run('alterarStatus')
#8 C:\yii-1.1.30\framework\web\CWebApplication.php(141): CWebApplication->runController('passageiro/alte...')
#9 C:\yii-1.1.30\framework\base\CApplication.php(185): CWebApplication->processRequest()
#10 C:\projetos\Desafio_Gaudium\index.php(13): CApplication->run()
#11 {main}
REQUEST_URI=/index.php/passageiro/alterarStatus/1
HTTP_REFERER=http://localhost:8000/index.php/passageiro/admin
---
2025/02/06 13:50:04 [error] [exception.CException] CException: Property "Passageiro.data_status" is not defined. in C:\yii-1.1.30\framework\base\CComponent.php:172
Stack trace:
#0 C:\yii-1.1.30\framework\db\ar\CActiveRecord.php(162): CComponent->__set('data_status', '2025-02-06 13:5...')
#1 C:\projetos\Desafio_Gaudium\protected\controllers\PassageiroController.php(98): CActiveRecord->__set('data_status', '2025-02-06 13:5...')
#2 [internal function]: PassageiroController->actionAlterarStatus('1')
#3 C:\yii-1.1.30\framework\web\actions\CAction.php(114): ReflectionMethod->invokeArgs(Object(PassageiroController), Array)
#4 C:\yii-1.1.30\framework\web\actions\CInlineAction.php(47): CAction->runWithParamsInternal(Object(PassageiroController), Object(ReflectionMethod), Array)
#5 C:\yii-1.1.30\framework\web\CController.php(308): CInlineAction->runWithParams(Array)
#6 C:\yii-1.1.30\framework\web\filters\CFilterChain.php(134): CController->runAction(Object(CInlineAction))
#7 C:\yii-1.1.30\framework\web\filters\CFilter.php(40): CFilterChain->run()
#8 C:\yii-1.1.30\framework\web\CController.php(1148): CFilter->filter(Object(CFilterChain))
#9 C:\yii-1.1.30\framework\web\filters\CInlineFilter.php(58): CController->filterAccessControl(Object(CFilterChain))
#10 C:\yii-1.1.30\framework\web\filters\CFilterChain.php(131): CInlineFilter->filter(Object(CFilterChain))
#11 C:\yii-1.1.30\framework\web\CController.php(291): CFilterChain->run()
#12 C:\yii-1.1.30\framework\web\CController.php(265): CController->runActionWithFilters(Object(CInlineAction), Array)
#13 C:\yii-1.1.30\framework\web\CWebApplication.php(282): CController->run('alterarStatus')
#14 C:\yii-1.1.30\framework\web\CWebApplication.php(141): CWebApplication->runController('passageiro/alte...')
#15 C:\yii-1.1.30\framework\base\CApplication.php(185): CWebApplication->processRequest()
#16 C:\projetos\Desafio_Gaudium\index.php(13): CApplication->run()
#17 {main}
REQUEST_URI=/index.php/passageiro/alterarStatus/1
HTTP_REFERER=http://localhost:8000/index.php/passageiro/alterarStatus/1
---
2025/02/06 13:50:27 [error] [exception.CException] CException: Property "Passageiro.data_status" is not defined. in C:\yii-1.1.30\framework\base\CComponent.php:172
Stack trace:
#0 C:\yii-1.1.30\framework\db\ar\CActiveRecord.php(162): CComponent->__set('data_status', '2025-02-06 13:5...')
#1 C:\projetos\Desafio_Gaudium\protected\controllers\PassageiroController.php(98): CActiveRecord->__set('data_status', '2025-02-06 13:5...')
#2 [internal function]: PassageiroController->actionAlterarStatus('2')
#3 C:\yii-1.1.30\framework\web\actions\CAction.php(114): ReflectionMethod->invokeArgs(Object(PassageiroController), Array)
#4 C:\yii-1.1.30\framework\web\actions\CInlineAction.php(47): CAction->runWithParamsInternal(Object(PassageiroController), Object(ReflectionMethod), Array)
#5 C:\yii-1.1.30\framework\web\CController.php(308): CInlineAction->runWithParams(Array)
#6 C:\yii-1.1.30\framework\web\filters\CFilterChain.php(134): CController->runAction(Object(CInlineAction))
#7 C:\yii-1.1.30\framework\web\filters\CFilter.php(40): CFilterChain->run()
#8 C:\yii-1.1.30\framework\web\CController.php(1148): CFilter->filter(Object(CFilterChain))
#9 C:\yii-1.1.30\framework\web\filters\CInlineFilter.php(58): CController->filterAccessControl(Object(CFilterChain))
#10 C:\yii-1.1.30\framework\web\filters\CFilterChain.php(131): CInlineFilter->filter(Object(CFilterChain))
#11 C:\yii-1.1.30\framework\web\CController.php(291): CFilterChain->run()
#12 C:\yii-1.1.30\framework\web\CController.php(265): CController->runActionWithFilters(Object(CInlineAction), Array)
#13 C:\yii-1.1.30\framework\web\CWebApplication.php(282): CController->run('alterarStatus')
#14 C:\yii-1.1.30\framework\web\CWebApplication.php(141): CWebApplication->runController('passageiro/alte...')
#15 C:\yii-1.1.30\framework\base\CApplication.php(185): CWebApplication->processRequest()
#16 C:\projetos\Desafio_Gaudium\index.php(13): CApplication->run()
#17 {main}
REQUEST_URI=/index.php/passageiro/alterarStatus/2
HTTP_REFERER=http://localhost:8000/index.php/passageiro/alterarStatus/2
---
2025/02/06 13:50:29 [error] [exception.CException] CException: Property "Passageiro.data_status" is not defined. in C:\yii-1.1.30\framework\base\CComponent.php:172
Stack trace:
#0 C:\yii-1.1.30\framework\db\ar\CActiveRecord.php(162): CComponent->__set('data_status', '2025-02-06 13:5...')
#1 C:\projetos\Desafio_Gaudium\protected\controllers\PassageiroController.php(98): CActiveRecord->__set('data_status', '2025-02-06 13:5...')
#2 [internal function]: PassageiroController->actionAlterarStatus('2')
#3 C:\yii-1.1.30\framework\web\actions\CAction.php(114): ReflectionMethod->invokeArgs(Object(PassageiroController), Array)
#4 C:\yii-1.1.30\framework\web\actions\CInlineAction.php(47): CAction->runWithParamsInternal(Object(PassageiroController), Object(ReflectionMethod), Array)
#5 C:\yii-1.1.30\framework\web\CController.php(308): CInlineAction->runWithParams(Array)
#6 C:\yii-1.1.30\framework\web\filters\CFilterChain.php(134): CController->runAction(Object(CInlineAction))
#7 C:\yii-1.1.30\framework\web\filters\CFilter.php(40): CFilterChain->run()
#8 C:\yii-1.1.30\framework\web\CController.php(1148): CFilter->filter(Object(CFilterChain))
#9 C:\yii-1.1.30\framework\web\filters\CInlineFilter.php(58): CController->filterAccessControl(Object(CFilterChain))
#10 C:\yii-1.1.30\framework\web\filters\CFilterChain.php(131): CInlineFilter->filter(Object(CFilterChain))
#11 C:\yii-1.1.30\framework\web\CController.php(291): CFilterChain->run()
#12 C:\yii-1.1.30\framework\web\CController.php(265): CController->runActionWithFilters(Object(CInlineAction), Array)
#13 C:\yii-1.1.30\framework\web\CWebApplication.php(282): CController->run('alterarStatus')
#14 C:\yii-1.1.30\framework\web\CWebApplication.php(141): CWebApplication->runController('passageiro/alte...')
#15 C:\yii-1.1.30\framework\base\CApplication.php(185): CWebApplication->processRequest()
#16 C:\projetos\Desafio_Gaudium\index.php(13): CApplication->run()
#17 {main}
REQUEST_URI=/index.php/passageiro/alterarStatus/2
HTTP_REFERER=http://localhost:8000/index.php/passageiro/alterarStatus/2
---
2025/02/06 13:50:36 [error] [exception.CException] CException: Property "Motorista.data_status" is not defined. in C:\yii-1.1.30\framework\base\CComponent.php:172
Stack trace:
#0 C:\yii-1.1.30\framework\db\ar\CActiveRecord.php(162): CComponent->__set('data_status', '2025-02-06 13:5...')
#1 C:\projetos\Desafio_Gaudium\protected\controllers\MotoristaController.php(102): CActiveRecord->__set('data_status', '2025-02-06 13:5...')
#2 [internal function]: MotoristaController->actionAlterarStatus('1')
#3 C:\yii-1.1.30\framework\web\actions\CAction.php(114): ReflectionMethod->invokeArgs(Object(MotoristaController), Array)
#4 C:\yii-1.1.30\framework\web\actions\CInlineAction.php(47): CAction->runWithParamsInternal(Object(MotoristaController), Object(ReflectionMethod), Array)
#5 C:\yii-1.1.30\framework\web\CController.php(308): CInlineAction->runWithParams(Array)
#6 C:\yii-1.1.30\framework\web\filters\CFilterChain.php(134): CController->runAction(Object(CInlineAction))
#7 C:\yii-1.1.30\framework\web\filters\CFilter.php(40): CFilterChain->run()
#8 C:\yii-1.1.30\framework\web\CController.php(1148): CFilter->filter(Object(CFilterChain))
#9 C:\yii-1.1.30\framework\web\filters\CInlineFilter.php(58): CController->filterAccessControl(Object(CFilterChain))
#10 C:\yii-1.1.30\framework\web\filters\CFilterChain.php(131): CInlineFilter->filter(Object(CFilterChain))
#11 C:\yii-1.1.30\framework\web\CController.php(291): CFilterChain->run()
#12 C:\yii-1.1.30\framework\web\CController.php(265): CController->runActionWithFilters(Object(CInlineAction), Array)
#13 C:\yii-1.1.30\framework\web\CWebApplication.php(282): CController->run('alterarStatus')
#14 C:\yii-1.1.30\framework\web\CWebApplication.php(141): CWebApplication->runController('motorista/alter...')
#15 C:\yii-1.1.30\framework\base\CApplication.php(185): CWebApplication->processRequest()
#16 C:\projetos\Desafio_Gaudium\index.php(13): CApplication->run()
#17 {main}
REQUEST_URI=/index.php/motorista/alterarStatus/1
HTTP_REFERER=http://localhost:8000/index.php/motorista/alterarStatus/1
---
2025/02/06 14:12:47 [error] [exception.CHttpException.404] CHttpException: Unable to resolve the request "corridas". in C:\yii-1.1.30\framework\web\CWebApplication.php:286
Stack trace:
#0 C:\yii-1.1.30\framework\web\CWebApplication.php(141): CWebApplication->runController('corridas')
#1 C:\yii-1.1.30\framework\base\CApplication.php(185): CWebApplication->processRequest()
#2 C:\projetos\Desafio_Gaudium\index.php(13): CApplication->run()
#3 {main}
REQUEST_URI=/corridas
---
2025/02/06 14:29:43 [error] [exception.CHttpException.404] CHttpException: Unable to resolve the request "index". in C:\yii-1.1.30\framework\web\CWebApplication.php:286
Stack trace:
#0 C:\yii-1.1.30\framework\web\CWebApplication.php(141): CWebApplication->runController('index')
#1 C:\yii-1.1.30\framework\base\CApplication.php(185): CWebApplication->processRequest()
#2 C:\projetos\Desafio_Gaudium\index.php(13): CApplication->run()
#3 {main}
REQUEST_URI=/index
---
2025/02/06 14:31:42 [error] [exception.CException] CException: CorridaController cannot find the requested view "view". in C:\yii-1.1.30\framework\web\CController.php:881
Stack trace:
#0 C:\yii-1.1.30\framework\web\CController.php(785): CController->renderPartial('view', Array, true)
#1 C:\projetos\Desafio_Gaudium\protected\controllers\CorridaController.php(37): CController->render('view', Array)
#2 [internal function]: CorridaController->actionView('6')
#3 C:\yii-1.1.30\framework\web\actions\CAction.php(114): ReflectionMethod->invokeArgs(Object(CorridaController), Array)
#4 C:\yii-1.1.30\framework\web\actions\CInlineAction.php(47): CAction->runWithParamsInternal(Object(CorridaController), Object(ReflectionMethod), Array)
#5 C:\yii-1.1.30\framework\web\CController.php(308): CInlineAction->runWithParams(Array)
#6 C:\yii-1.1.30\framework\web\filters\CFilterChain.php(134): CController->runAction(Object(CInlineAction))
#7 C:\yii-1.1.30\framework\web\filters\CFilter.php(40): CFilterChain->run()
#8 C:\yii-1.1.30\framework\web\CController.php(1148): CFilter->filter(Object(CFilterChain))
#9 C:\yii-1.1.30\framework\web\filters\CInlineFilter.php(58): CController->filterAccessControl(Object(CFilterChain))
#10 C:\yii-1.1.30\framework\web\filters\CFilterChain.php(131): CInlineFilter->filter(Object(CFilterChain))
#11 C:\yii-1.1.30\framework\web\CController.php(291): CFilterChain->run()
#12 C:\yii-1.1.30\framework\web\CController.php(265): CController->runActionWithFilters(Object(CInlineAction), Array)
#13 C:\yii-1.1.30\framework\web\CWebApplication.php(282): CController->run('view')
#14 C:\yii-1.1.30\framework\web\CWebApplication.php(141): CWebApplication->runController('corrida/view')
#15 C:\yii-1.1.30\framework\base\CApplication.php(185): CWebApplication->processRequest()
#16 C:\projetos\Desafio_Gaudium\index.php(13): CApplication->run()
#17 {main}
REQUEST_URI=/index.php/corrida/6
HTTP_REFERER=http://localhost:8000/index.php/corrida/admin?Corrida%5Bdata_inicio%5D=&yt0=Buscar
---
2025/02/06 14:34:25 [error] [exception.CException] CException: CorridaController cannot find the requested view "view". in C:\yii-1.1.30\framework\web\CController.php:881
Stack trace:
#0 C:\yii-1.1.30\framework\web\CController.php(785): CController->renderPartial('view', Array, true)
#1 C:\projetos\Desafio_Gaudium\protected\controllers\CorridaController.php(37): CController->render('view', Array)
#2 [internal function]: CorridaController->actionView('6')
#3 C:\yii-1.1.30\framework\web\actions\CAction.php(114): ReflectionMethod->invokeArgs(Object(CorridaController), Array)
#4 C:\yii-1.1.30\framework\web\actions\CInlineAction.php(47): CAction->runWithParamsInternal(Object(CorridaController), Object(ReflectionMethod), Array)
#5 C:\yii-1.1.30\framework\web\CController.php(308): CInlineAction->runWithParams(Array)
#6 C:\yii-1.1.30\framework\web\filters\CFilterChain.php(134): CController->runAction(Object(CInlineAction))
#7 C:\yii-1.1.30\framework\web\filters\CFilter.php(40): CFilterChain->run()
#8 C:\yii-1.1.30\framework\web\CController.php(1148): CFilter->filter(Object(CFilterChain))
#9 C:\yii-1.1.30\framework\web\filters\CInlineFilter.php(58): CController->filterAccessControl(Object(CFilterChain))
#10 C:\yii-1.1.30\framework\web\filters\CFilterChain.php(131): CInlineFilter->filter(Object(CFilterChain))
#11 C:\yii-1.1.30\framework\web\CController.php(291): CFilterChain->run()
#12 C:\yii-1.1.30\framework\web\CController.php(265): CController->runActionWithFilters(Object(CInlineAction), Array)
#13 C:\yii-1.1.30\framework\web\CWebApplication.php(282): CController->run('view')
#14 C:\yii-1.1.30\framework\web\CWebApplication.php(141): CWebApplication->runController('corrida/view')
#15 C:\yii-1.1.30\framework\base\CApplication.php(185): CWebApplication->processRequest()
#16 C:\projetos\Desafio_Gaudium\index.php(13): CApplication->run()
#17 {main}
REQUEST_URI=/index.php/corrida/6
HTTP_REFERER=http://localhost:8000/index.php/corrida/admin
---
